<?xml version="1.0" encoding="UTF-8"?>
<!-- Generated by org.testng.reporters.JUnitReportReporter -->
<testsuite hostname="DESKTOP-RCUNTTR" failures="0" tests="1" name="scripts.Testcase3" time="48.336" errors="0" timestamp="2022-07-12T07:43:08 IST" skipped="0">
  <testcase classname="scripts.Testcase3" name="tc3" time="48.336"/>
  <system-out/>
</testsuite> <!-- scripts.Testcase3 -->
