<?xml version="1.0" encoding="UTF-8"?>
<!-- Generated by org.testng.reporters.JUnitReportReporter -->
<testsuite hostname="DESKTOP-RCUNTTR" failures="0" tests="1" name="scripts.Testcase1" time="69.136" errors="0" timestamp="2022-07-12T01:57:28 IST" skipped="0">
  <testcase classname="scripts.Testcase1" name="tc1" time="69.136"/>
  <system-out/>
</testsuite> <!-- scripts.Testcase1 -->
